生成启动时间为 2019/5/2 15:21:25。
     1>项目“D:\Weiyun\Archive - wireless_motor - honghui\02 上位机\Client\Client\Client.vcxproj”在节点 2 上(build 个目标)。
     1>InitializeBuildStatus:
         正在创建“Debug\Client.unsuccessfulbuild”，因为已指定“AlwaysCreate”。
       ClCompile:
         所有输出均为最新。
         所有输出均为最新。
       ResourceCompile:
         C:\Program Files (x86)\Microsoft SDKs\Windows\v7.0A\bin\rc.exe /D _DEBUG /D _UNICODE /D UNICODE /D _AFXDLL /l"0x0804" /IDebug\ /nologo /fo"Debug\Client.res" Client.rc 
       ManifestResourceCompile:
         所有输出均为最新。
       Link:
         C:\Program Files (x86)\Microsoft Visual Studio 10.0\VC\bin\link.exe /ERRORREPORT:PROMPT /OUT:"D:\Weiyun\Archive - wireless_motor - honghui\02 上位机\Client\Debug\Client.exe" /INCREMENTAL /NOLOGO /MANIFEST /ManifestFile:"Debug\Client.exe.intermediate.manifest" /MANIFESTUAC:"level='asInvoker' uiAccess='false'" /DEBUG /PDB:"D:\Weiyun\Archive - wireless_motor - honghui\02 上位机\Client\Debug\Client.pdb" /SUBSYSTEM:WINDOWS /TLBID:1 /ENTRY:"wWinMainCRTStartup" /DYNAMICBASE /NXCOMPAT /IMPLIB:"D:\Weiyun\Archive - wireless_motor - honghui\02 上位机\Client\Debug\Client.lib" /MACHINE:X86 Debug\Client.res
         Debug\Client.exe.embed.manifest.res
         Debug\Client.obj
         Debug\ClientDlg.obj
         Debug\ClientSocket.obj
         Debug\stdafx.obj
       Manifest:
         C:\Program Files (x86)\Microsoft SDKs\Windows\v7.0A\bin\mt.exe /nologo /verbose /out:"Debug\Client.exe.embed.manifest" /manifest Debug\Client.exe.intermediate.manifest "C:\Program Files (x86)\Microsoft Visual Studio 10.0\VC\Include\Manifest\dpiaware.manifest"
         所有输出均为最新。
       LinkEmbedManifest:
         所有输出均为最新。
         Client.vcxproj -> D:\Weiyun\Archive - wireless_motor - honghui\02 上位机\Client\Debug\Client.exe
       FinalizeBuildStatus:
         正在删除文件“Debug\Client.unsuccessfulbuild”。
         正在对“Debug\Client.lastbuildstate”执行 Touch 任务。
     1>已完成生成项目“D:\Weiyun\Archive - wireless_motor - honghui\02 上位机\Client\Client\Client.vcxproj”(build 个目标)的操作。

生成成功。

已用时间 00:00:02.86
