D:\Weiyun\Archive - wireless_motor - honghui\02 上位机\Client\Client\Debug\cl.command.1.tlog
D:\Weiyun\Archive - wireless_motor - honghui\02 上位机\Client\Client\Debug\CL.read.1.tlog
D:\Weiyun\Archive - wireless_motor - honghui\02 上位机\Client\Client\Debug\CL.write.1.tlog
D:\WEIYUN\ARCHIVE - WIRELESS_MOTOR - HONGHUI\02 上位机\CLIENT\CLIENT\DEBUG\CLIENT.EXE.EMBED.MANIFEST
D:\WEIYUN\ARCHIVE - WIRELESS_MOTOR - HONGHUI\02 上位机\CLIENT\CLIENT\DEBUG\CLIENT.EXE.EMBED.MANIFEST.RES
D:\WEIYUN\ARCHIVE - WIRELESS_MOTOR - HONGHUI\02 上位机\CLIENT\CLIENT\DEBUG\CLIENT.EXE.INTERMEDIATE.MANIFEST
D:\WEIYUN\ARCHIVE - WIRELESS_MOTOR - HONGHUI\02 上位机\CLIENT\CLIENT\DEBUG\CLIENT.OBJ
D:\WEIYUN\ARCHIVE - WIRELESS_MOTOR - HONGHUI\02 上位机\CLIENT\CLIENT\DEBUG\CLIENT.PCH
D:\WEIYUN\ARCHIVE - WIRELESS_MOTOR - HONGHUI\02 上位机\CLIENT\CLIENT\DEBUG\CLIENT.RES
D:\Weiyun\Archive - wireless_motor - honghui\02 上位机\Client\Client\Debug\Client.write.1.tlog
D:\Weiyun\Archive - wireless_motor - honghui\02 上位机\Client\Client\Debug\Client_manifest.rc
D:\WEIYUN\ARCHIVE - WIRELESS_MOTOR - HONGHUI\02 上位机\CLIENT\CLIENT\DEBUG\CLIENTDLG.OBJ
D:\WEIYUN\ARCHIVE - WIRELESS_MOTOR - HONGHUI\02 上位机\CLIENT\CLIENT\DEBUG\CLIENTSOCKET.OBJ
D:\Weiyun\Archive - wireless_motor - honghui\02 上位机\Client\Client\Debug\link.command.1.tlog
D:\Weiyun\Archive - wireless_motor - honghui\02 上位机\Client\Client\Debug\link.read.1.tlog
D:\Weiyun\Archive - wireless_motor - honghui\02 上位机\Client\Client\Debug\link.write.1.tlog
D:\Weiyun\Archive - wireless_motor - honghui\02 上位机\Client\Client\Debug\link-cvtres.read.1.tlog
D:\Weiyun\Archive - wireless_motor - honghui\02 上位机\Client\Client\Debug\link-cvtres.write.1.tlog
D:\Weiyun\Archive - wireless_motor - honghui\02 上位机\Client\Client\Debug\mt.command.1.tlog
D:\Weiyun\Archive - wireless_motor - honghui\02 上位机\Client\Client\Debug\mt.read.1.tlog
D:\Weiyun\Archive - wireless_motor - honghui\02 上位机\Client\Client\Debug\mt.write.1.tlog
D:\Weiyun\Archive - wireless_motor - honghui\02 上位机\Client\Client\Debug\rc.command.1.tlog
D:\Weiyun\Archive - wireless_motor - honghui\02 上位机\Client\Client\Debug\rc.read.1.tlog
D:\Weiyun\Archive - wireless_motor - honghui\02 上位机\Client\Client\Debug\rc.write.1.tlog
D:\WEIYUN\ARCHIVE - WIRELESS_MOTOR - HONGHUI\02 上位机\CLIENT\CLIENT\DEBUG\STDAFX.OBJ
D:\Weiyun\Archive - wireless_motor - honghui\02 上位机\Client\Client\Debug\vc100.idb
D:\WEIYUN\ARCHIVE - WIRELESS_MOTOR - HONGHUI\02 上位机\CLIENT\CLIENT\DEBUG\VC100.PDB
D:\WEIYUN\ARCHIVE - WIRELESS_MOTOR - HONGHUI\02 上位机\CLIENT\DEBUG\CLIENT.EXE
D:\WEIYUN\ARCHIVE - WIRELESS_MOTOR - HONGHUI\02 上位机\CLIENT\DEBUG\CLIENT.ILK
D:\WEIYUN\ARCHIVE - WIRELESS_MOTOR - HONGHUI\02 上位机\CLIENT\DEBUG\CLIENT.PDB
